<?xml version="1.0" encoding="UTF-8"?>
<testsuite xmlns:xsi="http://www.w3.org/2001/XMLSchema-instance" xsi:noNamespaceSchemaLocation="https://maven.apache.org/surefire/maven-surefire-plugin/xsd/surefire-test-report.xsd" version="3.0.2" name="com.lemes.monta_prato_app.MontaPratoAppApplicationTests" time="5.434" tests="1" errors="0" skipped="0" failures="0">
  <properties>
[...]
</properties>
  <testcase name="contextLoads" classname="com.lemes.monta_prato_app.MontaPratoAppApplicationTests" time="0.343">
    <system-out><![CDATA[15:54:46.260 [main] INFO org.springframework.test.context.support.AnnotationConfigContextLoaderUtils -- Could not detect default configuration classes for test class [com.lemes.monta_prato_app.MontaPratoAppApplicationTests]: MontaPratoAppApplicationTests does not declare any static, non-private, non-final, nested classes annotated with @Configuration.
15:54:46.387 [main] INFO org.springframework.boot.test.context.SpringBootTestContextBootstrapper -- Found @SpringBootConfiguration com.lemes.monta_prato_app.MontaPratoAppApplication for test class com.lemes.monta_prato_app.MontaPratoAppApplicationTests
15:54:46.584 [main] INFO org.springframework.boot.devtools.restart.RestartApplicationListener -- Restart disabled due to context in which it is running

  .   ____          _            __ _ _
 /\\ / ___'_ __ _ _(_)_ __  __ _ \ \ \ \
( ( )\___ | '_ | '_| | '_ \/ _` | \ \ \ \
 \\/  ___)| |_)| | | | | || (_| |  ) ) ) )
  '  |____| .__|_| |_|_| |_\__, | / / / /
 =========|_|==============|___/=/_/_/_/

 :: Spring Boot ::                (v3.5.0)

2025-08-05T15:54:46.880-03:00  INFO 23660 --- [monta-prato-app] [           main] c.l.m.MontaPratoAppApplicationTests      : Starting MontaPratoAppApplicationTests using Java 21.0.3 with PID 23660 (started by renan in D:\monta-prato\backend)
2025-08-05T15:54:46.882-03:00  INFO 23660 --- [monta-prato-app] [           main] c.l.m.MontaPratoAppApplicationTests      : No active profile set, falling back to 1 default profile: "default"
2025-08-05T15:54:47.580-03:00  INFO 23660 --- [monta-prato-app] [           main] .s.d.r.c.RepositoryConfigurationDelegate : Bootstrapping Spring Data JPA repositories in DEFAULT mode.
2025-08-05T15:54:47.636-03:00  INFO 23660 --- [monta-prato-app] [           main] .s.d.r.c.RepositoryConfigurationDelegate : Finished Spring Data repository scanning in 47 ms. Found 1 JPA repository interface.
2025-08-05T15:54:48.005-03:00  INFO 23660 --- [monta-prato-app] [           main] o.hibernate.jpa.internal.util.LogHelper  : HHH000204: Processing PersistenceUnitInfo [name: default]
2025-08-05T15:54:48.090-03:00  INFO 23660 --- [monta-prato-app] [           main] org.hibernate.Version                    : HHH000412: Hibernate ORM core version 6.6.15.Final
2025-08-05T15:54:48.132-03:00  INFO 23660 --- [monta-prato-app] [           main] o.h.c.internal.RegionFactoryInitiator    : HHH000026: Second-level cache disabled
2025-08-05T15:54:48.981-03:00  INFO 23660 --- [monta-prato-app] [           main] o.s.o.j.p.SpringPersistenceUnitInfo      : No LoadTimeWeaver setup: ignoring JPA class transformer
2025-08-05T15:54:49.013-03:00  INFO 23660 --- [monta-prato-app] [           main] com.zaxxer.hikari.HikariDataSource       : HikariPool-1 - Starting...
2025-08-05T15:54:49.257-03:00  INFO 23660 --- [monta-prato-app] [           main] com.zaxxer.hikari.pool.HikariPool        : HikariPool-1 - Added connection org.postgresql.jdbc.PgConnection@628ba266
2025-08-05T15:54:49.258-03:00  INFO 23660 --- [monta-prato-app] [           main] com.zaxxer.hikari.HikariDataSource       : HikariPool-1 - Start completed.
2025-08-05T15:54:49.329-03:00  WARN 23660 --- [monta-prato-app] [           main] org.hibernate.orm.deprecation            : HHH90000025: PostgreSQLDialect does not need to be specified explicitly using 'hibernate.dialect' (remove the property setting and it will be selected by default)
2025-08-05T15:54:49.360-03:00  INFO 23660 --- [monta-prato-app] [           main] org.hibernate.orm.connections.pooling    : HHH10001005: Database info:
	Database JDBC URL [Connecting through datasource 'HikariDataSource (HikariPool-1)']
	Database driver: undefined/unknown
	Database version: 17.5
	Autocommit mode: undefined/unknown
	Isolation level: undefined/unknown
	Minimum pool size: undefined/unknown
	Maximum pool size: undefined/unknown
2025-08-05T15:54:50.297-03:00  INFO 23660 --- [monta-prato-app] [           main] o.h.e.t.j.p.i.JtaPlatformInitiator       : HHH000489: No JTA platform available (set 'hibernate.transaction.jta.platform' to enable JTA platform integration)
2025-08-05T15:54:50.396-03:00  INFO 23660 --- [monta-prato-app] [           main] j.LocalContainerEntityManagerFactoryBean : Initialized JPA EntityManagerFactory for persistence unit 'default'
2025-08-05T15:54:50.806-03:00  WARN 23660 --- [monta-prato-app] [           main] JpaBaseConfiguration$JpaWebConfiguration : spring.jpa.open-in-view is enabled by default. Therefore, database queries may be performed during view rendering. Explicitly configure spring.jpa.open-in-view to disable this warning
2025-08-05T15:54:51.149-03:00  INFO 23660 --- [monta-prato-app] [           main] c.l.m.MontaPratoAppApplicationTests      : Started MontaPratoAppApplicationTests in 4.584 seconds (process running for 5.531)
]]></system-out>
    <system-err><![CDATA[Mockito is currently self-attaching to enable the inline-mock-maker. This will no longer work in future releases of the JDK. Please add Mockito as an agent to your build as described in Mockito's documentation: https://javadoc.io/doc/org.mockito/mockito-core/latest/org.mockito/org/mockito/Mockito.html#0.3
WARNING: A Java agent has been loaded dynamically (C:\Users\renan\.m2\repository\net\bytebuddy\byte-buddy-agent\1.17.5\byte-buddy-agent-1.17.5.jar)
WARNING: If a serviceability tool is in use, please run with -XX:+EnableDynamicAgentLoading to hide this warning
WARNING: If a serviceability tool is not in use, please run with -Djdk.instrument.traceUsage for more information
WARNING: Dynamic loading of agents will be disallowed by default in a future release
]]></system-err>
  </testcase>
</testsuite>